[debug] [2019-12-16T14:08:25.806Z] ----------------------------------------------------------------------
[debug] [2019-12-16T14:08:25.808Z] Command:       C:\Program Files\nodejs\node.exe C:\Users\Sławek\AppData\Roaming\npm\node_modules\firebase-tools\lib\bin\firebase.js serve
[debug] [2019-12-16T14:08:25.808Z] CLI Version:   7.10.0
[debug] [2019-12-16T14:08:25.808Z] Platform:      win32
[debug] [2019-12-16T14:08:25.808Z] Node Version:  v10.16.3
[debug] [2019-12-16T14:08:25.809Z] Time:          Mon Dec 16 2019 15:08:25 GMT+0100 (Central European Standard Time)
[debug] [2019-12-16T14:08:25.809Z] ----------------------------------------------------------------------
[debug] [2019-12-16T14:08:25.809Z] 
[debug] [2019-12-16T14:08:25.816Z] > command requires scopes: ["email","openid","https://www.googleapis.com/auth/cloudplatformprojects.readonly","https://www.googleapis.com/auth/firebase","https://www.googleapis.com/auth/cloud-platform"]
[debug] [2019-12-16T14:08:25.816Z] > authorizing via signed-in user
[debug] [2019-12-16T14:08:25.817Z] [iam] checking project home-library-pwa for permissions ["firebase.projects.get"]
[debug] [2019-12-16T14:08:25.818Z] >>> HTTP REQUEST POST https://cloudresourcemanager.googleapis.com/v1/projects/home-library-pwa:testIamPermissions  

[debug] [2019-12-16T14:08:26.745Z] <<< HTTP RESPONSE 200
[debug] [2019-12-16T14:08:26.746Z] >>> HTTP REQUEST GET https://firebase.googleapis.com/v1beta1/projects/home-library-pwa  
 
[debug] [2019-12-16T14:08:27.025Z] <<< HTTP RESPONSE 200
[info] 
[info] === Serving from 'D:\code\home-library-pwa'...
[info] 
[debug] [2019-12-16T14:08:27.030Z] >>> HTTP REQUEST GET https://firebase.googleapis.com/v1beta1/projects/home-library-pwa/webApps/-/config  
 
[debug] [2019-12-16T14:08:27.778Z] <<< HTTP RESPONSE 200
[info] i  hosting: Serving hosting files from: build
[info] +  hosting: Local server: http://localhost:5000
